# JRE version: OpenJDK Runtime Environment (11.0.13) (build 11.0.13+0-b1751.21-8125866)
# Java VM: OpenJDK 64-Bit Server VM (11.0.13+0-b1751.21-8125866, mixed mode, tiered, compressed oops, g1 gc, windows-amd64)
Heap:
 garbage-first heap   total 470016K, used 216020K [0x0000000080000000, 0x0000000100000000)
  region size 1024K, 3 young (3072K), 3 survivors (3072K)
 Metaspace       used 150776K, capacity 154702K, committed 154960K, reserved 1185792K
  class space    used 18149K, capacity 19633K, committed 19712K, reserved 1048576K
GC Heap History (20 events):
Event: 13574.686 GC heap after
{Heap after GC invocations=140 (full 0):
 garbage-first heap   total 337920K, used 122828K [0x0000000080000000, 0x0000000100000000)
  region size 1024K, 7 young (7168K), 7 survivors (7168K)
 Metaspace       used 149173K, capacity 152844K, committed 152912K, reserved 1183744K
  class space    used 18000K, capacity 19403K, committed 19456K, reserved 1048576K
}
Event: 13575.753 GC heap before
{Heap before GC invocations=141 (full 0):
 garbage-first heap   total 337920K, used 176076K [0x0000000080000000, 0x0000000100000000)
  region size 1024K, 60 young (61440K), 7 survivors (7168K)
 Metaspace       used 149483K, capacity 153121K, committed 153168K, reserved 1183744K
  class space    used 18036K, capacity 19451K, committed 19456K, reserved 1048576K
}
Event: 13575.764 GC heap after
{Heap after GC invocations=142 (full 0):
 garbage-first heap   total 337920K, used 121096K [0x0000000080000000, 0x0000000100000000)
  region size 1024K, 5 young (5120K), 5 survivors (5120K)
 Metaspace       used 149483K, capacity 153121K, committed 153168K, reserved 1183744K
  class space    used 18036K, capacity 19451K, committed 19456K, reserved 1048576K
}
Event: 13577.761 GC heap before
{Heap before GC invocations=143 (full 0):
 garbage-first heap   total 337920K, used 254216K [0x0000000080000000, 0x0000000100000000)
  region size 1024K, 134 young (137216K), 5 survivors (5120K)
 Metaspace       used 149763K, capacity 153448K, committed 153808K, reserved 1183744K
  class space    used 18052K, capacity 19465K, committed 19584K, reserved 1048576K
}
Event: 13577.772 GC heap after
{Heap after GC invocations=144 (full 0):
 garbage-first heap   total 337920K, used 121777K [0x0000000080000000, 0x0000000100000000)
  region size 1024K, 6 young (6144K), 6 survivors (6144K)
 Metaspace       used 149763K, capacity 153448K, committed 153808K, reserved 1183744K
  class space    used 18052K, capacity 19465K, committed 19584K, reserved 1048576K
}
Event: 13579.852 GC heap before
{Heap before GC invocations=144 (full 0):
 garbage-first heap   total 337920K, used 268209K [0x0000000080000000, 0x0000000100000000)
  region size 1024K, 149 young (152576K), 6 survivors (6144K)
 Metaspace       used 149840K, capacity 153476K, committed 153808K, reserved 1183744K
  class space    used 18057K, capacity 19473K, committed 19584K, reserved 1048576K
}
Event: 13579.865 GC heap after
{Heap after GC invocations=145 (full 0):
 garbage-first heap   total 337920K, used 122292K [0x0000000080000000, 0x0000000100000000)
  region size 1024K, 6 young (6144K), 6 survivors (6144K)
 Metaspace       used 149840K, capacity 153476K, committed 153808K, reserved 1183744K
  class space    used 18057K, capacity 19473K, committed 19584K, reserved 1048576K
}
Event: 13581.600 GC heap before
{Heap before GC invocations=146 (full 0):
 garbage-first heap   total 337920K, used 243124K [0x0000000080000000, 0x0000000100000000)
  region size 1024K, 125 young (128000K), 6 survivors (6144K)
 Metaspace       used 149920K, capacity 153555K, committed 153808K, reserved 1183744K
  class space    used 18058K, capacity 19476K, committed 19584K, reserved 1048576K
}
Event: 13581.612 GC heap after
{Heap after GC invocations=147 (full 0):
 garbage-first heap   total 337920K, used 121251K [0x0000000080000000, 0x0000000100000000)
  region size 1024K, 5 young (5120K), 5 survivors (5120K)
 Metaspace       used 149920K, capacity 153555K, committed 153808K, reserved 1183744K
  class space    used 18058K, capacity 19476K, committed 19584K, reserved 1048576K
}
Event: 13582.112 GC heap before
{Heap before GC invocations=148 (full 0):
 garbage-first heap   total 337920K, used 135587K [0x0000000080000000, 0x0000000100000000)
  region size 1024K, 14 young (14336K), 5 survivors (5120K)
 Metaspace       used 149979K, capacity 153657K, committed 153808K, reserved 1183744K
  class space    used 18062K, capacity 19483K, committed 19584K, reserved 1048576K
}
Event: 13582.119 GC heap after
{Heap after GC invocations=149 (full 0):
 garbage-first heap   total 337920K, used 126420K [0x0000000080000000, 0x0000000100000000)
  region size 1024K, 4 young (4096K), 4 survivors (4096K)
 Metaspace       used 149979K, capacity 153657K, committed 153808K, reserved 1183744K
  class space    used 18062K, capacity 19483K, committed 19584K, reserved 1048576K
}
Event: 13583.088 GC heap before
{Heap before GC invocations=150 (full 0):
 garbage-first heap   total 337920K, used 316884K [0x0000000080000000, 0x0000000100000000)
  region size 1024K, 156 young (159744K), 4 survivors (4096K)
 Metaspace       used 150179K, capacity 153883K, committed 154064K, reserved 1183744K
  class space    used 18068K, capacity 19491K, committed 19584K, reserved 1048576K
}
Event: 13583.187 GC heap after
{Heap after GC invocations=151 (full 0):
 garbage-first heap   total 376832K, used 198982K [0x0000000080000000, 0x0000000100000000)
  region size 1024K, 20 young (20480K), 20 survivors (20480K)
 Metaspace       used 150179K, capacity 153883K, committed 154064K, reserved 1183744K
  class space    used 18068K, capacity 19491K, committed 19584K, reserved 1048576K
}
Event: 13583.215 GC heap before
{Heap before GC invocations=151 (full 0):
 garbage-first heap   total 376832K, used 200006K [0x0000000080000000, 0x0000000100000000)
  region size 1024K, 21 young (21504K), 20 survivors (20480K)
 Metaspace       used 150179K, capacity 153883K, committed 154064K, reserved 1183744K
  class space    used 18068K, capacity 19491K, committed 19584K, reserved 1048576K
}
Event: 13583.269 GC heap after
{Heap after GC invocations=152 (full 0):
 garbage-first heap   total 376832K, used 201216K [0x0000000080000000, 0x0000000100000000)
  region size 1024K, 1 young (1024K), 1 survivors (1024K)
 Metaspace       used 150179K, capacity 153883K, committed 154064K, reserved 1183744K
  class space    used 18068K, capacity 19491K, committed 19584K, reserved 1048576K
}
Event: 13583.896 GC heap before
{Heap before GC invocations=152 (full 0):
 garbage-first heap   total 376832K, used 287232K [0x0000000080000000, 0x0000000100000000)
  region size 1024K, 86 young (88064K), 1 survivors (1024K)
 Metaspace       used 150622K, capacity 154513K, committed 154704K, reserved 1183744K
  class space    used 18138K, capacity 19615K, committed 19712K, reserved 1048576K
}
Event: 13583.922 GC heap after
{Heap after GC invocations=153 (full 0):
 garbage-first heap   total 376832K, used 220672K [0x0000000080000000, 0x0000000100000000)
  region size 1024K, 11 young (11264K), 11 survivors (11264K)
 Metaspace       used 150622K, capacity 154513K, committed 154704K, reserved 1183744K
  class space    used 18138K, capacity 19615K, committed 19712K, reserved 1048576K
}
Event: 13585.376 GC heap before
{Heap before GC invocations=154 (full 0):
 garbage-first heap   total 376832K, used 295424K [0x0000000080000000, 0x0000000100000000)
  region size 1024K, 83 young (84992K), 11 survivors (11264K)
 Metaspace       used 150774K, capacity 154702K, committed 154960K, reserved 1185792K
  class space    used 18149K, capacity 19633K, committed 19712K, reserved 1048576K
}
Event: 13585.416 GC heap after
{Heap after GC invocations=155 (full 0):
 garbage-first heap   total 376832K, used 229888K [0x0000000080000000, 0x0000000100000000)
  region size 1024K, 7 young (7168K), 7 survivors (7168K)
 Metaspace       used 150774K, capacity 154702K, committed 154960K, reserved 1185792K
  class space    used 18149K, capacity 19633K, committed 19712K, reserved 1048576K
}
Event: 13585.456 GC heap before
{Heap before GC invocations=155 (full 0):
 garbage-first heap   total 376832K, used 241152K [0x0000000080000000, 0x0000000100000000)
  region size 1024K, 18 young (18432K), 7 survivors (7168K)
 Metaspace       used 150776K, capacity 154702K, committed 154960K, reserved 1185792K
  class space    used 18149K, capacity 19633K, committed 19712K, reserved 1048576K
}

